\BOOKMARK [0][-]{chapter.1}{\376\377\000A\000l\000a\000p\000f\000o\000g\000a\000l\000m\000a\000k}{}% 1
\BOOKMARK [1][-]{section.1.1}{\376\377\000S\000z\000a\000v\000a\000k}{chapter.1}% 2
\BOOKMARK [2][-]{subsection.1.1.1}{\376\377\000M\001\161\000v\000e\000l\000e\000t\000e\000k}{section.1.1}% 3
\BOOKMARK [2][-]{subsection.1.1.2}{\376\377\000R\000\351\000s\000s\000z\000a\000v\000a\000k}{section.1.1}% 4
\BOOKMARK [2][-]{subsection.1.1.3}{\376\377\000R\000\351\000s\000s\000z\000\363}{section.1.1}% 5
\BOOKMARK [1][-]{section.1.2}{\376\377\000N\000y\000e\000l\000v}{chapter.1}% 6
\BOOKMARK [2][-]{subsection.1.2.1}{\376\377\000M\001\161\000v\000e\000l\000e\000t\000e\000k}{section.1.2}% 7
\BOOKMARK [2][-]{subsection.1.2.2}{\376\377\000F\000e\000l\000a\000d\000a\000t\000o\000k}{section.1.2}% 8
\BOOKMARK [0][-]{chapter.2}{\376\377\000G\000r\000a\000m\000m\000a\000t\000i\000k\000\341\000k}{}% 9
\BOOKMARK [1][-]{section.2.1}{\376\377\000G\000e\000n\000e\000r\000a\000t\000\355\000v\000\040\000g\000r\000a\000m\000m\000a\000t\000i\000k\000a}{chapter.2}% 10
\BOOKMARK [2][-]{subsection.2.1.1}{\376\377\000F\000e\000l\000a\000d\000a\000t\000o\000k}{section.2.1}% 11
\BOOKMARK [1][-]{section.2.2}{\376\377\000A\000\040\000g\000r\000a\000m\000m\000a\000t\000i\000k\000\341\000k\000\040\000C\000h\000o\000m\000s\000k\000y\000\040\000f\000\351\000l\000e\000\040\000o\000s\000z\000t\000\341\000l\000y\000z\000\341\000s\000a}{chapter.2}% 12
\BOOKMARK [2][-]{subsection.2.2.1}{\376\377\000F\000e\000l\000a\000d\000a\000t\000o\000k}{section.2.2}% 13
\BOOKMARK [1][-]{section.2.3}{\376\377\000R\000e\000g\000u\000l\000\341\000r\000i\000s\000\040\000k\000i\000f\000e\000j\000e\000z\000\351\000s\000e\000k}{chapter.2}% 14
\BOOKMARK [2][-]{subsection.2.3.1}{\376\377\000A\000\040\0003\000-\000a\000s\000\040\000n\000o\000r\000m\000\341\000l\000f\000o\000r\000m\000a}{section.2.3}% 15
\BOOKMARK [0][-]{chapter.3}{\376\377\000V\000\351\000g\000e\000s\000\040\000a\000u\000t\000o\000m\000a\000t\000\341\000k}{}% 16
\BOOKMARK [1][-]{section.3.1}{\376\377\000A\000l\000a\000p\000f\000o\000g\000a\000l\000m\000a\000k}{chapter.3}% 17
\BOOKMARK [2][-]{subsection.3.1.1}{\376\377\000F\000e\000l\000a\000d\000a\000t\000o\000k}{section.3.1}% 18
\BOOKMARK [1][-]{section.3.2}{\376\377\000A\000u\000t\000o\000m\000a\000t\000\341\000k\000\040\000d\000e\000t\000e\000r\000m\000i\000n\000i\000z\000\341\000l\000\341\000s\000a}{chapter.3}% 19
\BOOKMARK [1][-]{section.3.3}{\376\377\000V\000\351\000g\000e\000s\000\040\000a\000u\000t\000o\000m\000a\000t\000\341\000k\000\040\000\366\000s\000s\000z\000e\000f\000\374\000g\000g\001\121\000v\000\351\000\040\000a\000l\000a\000k\000\355\000t\000\341\000s\000a}{chapter.3}% 20
